{
  "RSpec": {
    "coverage": {
      "/Users/nicholasmcenroe/turing_work/3mod/projects/viewing_party/viewing_party_lite_7/config/environment.rb": {
        "lines": [
          null,
          null,
          null,
          1,
          null,
          null,
          1
        ]
      },
      "/Users/nicholasmcenroe/turing_work/3mod/projects/viewing_party/viewing_party_lite_7/config/application.rb": {
        "lines": [
          null,
          null,
          1,
          null,
          1,
          null,
          1,
          1,
          1,
          1,
          1,
          1,
          1,
          1,
          1,
          1,
          null,
          null,
          null,
          null,
          1,
          null,
          1,
          1,
          null,
          1,
          null,
          null,
          null,
          null,
          null,
          null,
          null,
          null,
          null,
          null,
          1,
          null,
          null
        ]
      },
      "/Users/nicholasmcenroe/turing_work/3mod/projects/viewing_party/viewing_party_lite_7/config/boot.rb": {
        "lines": [
          null,
          null,
          1,
          null,
          1,
          1
        ]
      },
      "/Users/nicholasmcenroe/turing_work/3mod/projects/viewing_party/viewing_party_lite_7/config/environments/test.rb": {
        "lines": [
          null,
          null,
          1,
          null,
          null,
          null,
          null,
          null,
          null,
          1,
          null,
          null,
          null,
          1,
          null,
          null,
          null,
          null,
          1,
          null,
          null,
          1,
          1,
          null,
          null,
          null,
          null,
          1,
          1,
          1,
          null,
          null,
          1,
          null,
          null,
          1,
          null,
          null,
          1,
          null,
          1,
          null,
          null,
          null,
          null,
          1,
          null,
          null,
          1,
          null,
          null,
          1,
          null,
          null,
          1,
          null,
          null,
          null,
          null,
          null,
          null,
          null
        ]
      },
      "/Users/nicholasmcenroe/turing_work/3mod/projects/viewing_party/viewing_party_lite_7/config/initializers/assets.rb": {
        "lines": [
          null,
          null,
          null,
          null,
          null,
          1,
          null,
          null,
          null,
          null,
          null,
          null,
          null,
          null
        ]
      },
      "/Users/nicholasmcenroe/turing_work/3mod/projects/viewing_party/viewing_party_lite_7/config/initializers/content_security_policy.rb": {
        "lines": [
          null,
          null,
          null,
          null,
          null,
          null,
          null,
          null,
          null,
          null,
          null,
          null,
          null,
          null,
          null,
          null,
          null,
          null,
          null,
          null,
          null,
          null,
          null,
          null,
          null,
          null
        ]
      },
      "/Users/nicholasmcenroe/turing_work/3mod/projects/viewing_party/viewing_party_lite_7/config/initializers/filter_parameter_logging.rb": {
        "lines": [
          null,
          null,
          null,
          null,
          null,
          null,
          null,
          1,
          null,
          null
        ]
      },
      "/Users/nicholasmcenroe/turing_work/3mod/projects/viewing_party/viewing_party_lite_7/config/initializers/inflections.rb": {
        "lines": [
          null,
          null,
          null,
          null,
          null,
          null,
          null,
          null,
          null,
          null,
          null,
          null,
          null,
          null,
          null,
          null,
          null
        ]
      },
      "/Users/nicholasmcenroe/turing_work/3mod/projects/viewing_party/viewing_party_lite_7/config/initializers/permissions_policy.rb": {
        "lines": [
          null,
          null,
          null,
          null,
          null,
          null,
          null,
          null,
          null,
          null,
          null,
          null
        ]
      },
      "/Users/nicholasmcenroe/turing_work/3mod/projects/viewing_party/viewing_party_lite_7/spec/factories/users.rb": {
        "lines": [
          1,
          1,
          9,
          9,
          null,
          null
        ]
      },
      "/Users/nicholasmcenroe/turing_work/3mod/projects/viewing_party/viewing_party_lite_7/spec/factories/viewing_parties.rb": {
        "lines": [
          1,
          1,
          4,
          4,
          4,
          null,
          null
        ]
      },
      "/Users/nicholasmcenroe/turing_work/3mod/projects/viewing_party/viewing_party_lite_7/config/routes.rb": {
        "lines": [
          1,
          null,
          null,
          null,
          null,
          1,
          null,
          1,
          1,
          1,
          null,
          1,
          null,
          null,
          1,
          null,
          null
        ]
      },
      "/Users/nicholasmcenroe/turing_work/3mod/projects/viewing_party/viewing_party_lite_7/app/helpers/application_helper.rb": {
        "lines": [
          null,
          null,
          1,
          null
        ]
      },
      "/Users/nicholasmcenroe/turing_work/3mod/projects/viewing_party/viewing_party_lite_7/spec/features/users/index_spec.rb": {
        "lines": [
          1,
          null,
          1,
          1,
          1,
          null,
          1,
          null,
          null,
          1,
          1,
          null,
          1,
          null,
          null,
          1,
          1,
          null,
          1,
          null,
          1,
          null,
          null,
          1,
          1,
          1,
          1,
          null,
          1,
          null,
          1,
          1,
          1,
          null,
          null,
          1,
          1,
          null,
          1,
          null,
          null
        ]
      },
      "/Users/nicholasmcenroe/turing_work/3mod/projects/viewing_party/viewing_party_lite_7/spec/features/users/new_spec.rb": {
        "lines": [
          null,
          null,
          1,
          null,
          1,
          1,
          1,
          null,
          1,
          1,
          null,
          1,
          null,
          1,
          null,
          1,
          null,
          1,
          1,
          1,
          null,
          null,
          1,
          1,
          null,
          1,
          null,
          1,
          1,
          null,
          1,
          null,
          1,
          null,
          null,
          1,
          1,
          null,
          1,
          1,
          null,
          1,
          null,
          1,
          1,
          null,
          null
        ]
      },
      "/Users/nicholasmcenroe/turing_work/3mod/projects/viewing_party/viewing_party_lite_7/spec/features/users/show_spec.rb": {
        "lines": [
          1,
          null,
          1,
          1,
          1,
          1,
          null,
          1,
          null,
          1,
          null,
          null,
          1,
          1,
          null,
          1,
          null,
          1,
          null,
          1,
          null,
          0,
          null,
          null,
          1,
          1,
          1,
          1,
          1,
          1,
          null,
          1,
          1,
          1,
          null,
          1,
          null,
          1,
          1,
          1,
          null,
          null,
          null
        ]
      },
      "/Users/nicholasmcenroe/turing_work/3mod/projects/viewing_party/viewing_party_lite_7/spec/models/user_spec.rb": {
        "lines": [
          null,
          null,
          1,
          null,
          1,
          1,
          2,
          null,
          null,
          1,
          2,
          2,
          null,
          null
        ]
      },
      "/Users/nicholasmcenroe/turing_work/3mod/projects/viewing_party/viewing_party_lite_7/app/models/user.rb": {
        "lines": [
          1,
          1,
          1,
          null,
          1,
          1,
          null
        ]
      },
      "/Users/nicholasmcenroe/turing_work/3mod/projects/viewing_party/viewing_party_lite_7/app/models/application_record.rb": {
        "lines": [
          null,
          null,
          1,
          1,
          null
        ]
      },
      "/Users/nicholasmcenroe/turing_work/3mod/projects/viewing_party/viewing_party_lite_7/spec/models/user_viewing_party_spec.rb": {
        "lines": [
          null,
          null,
          1,
          1,
          2,
          2,
          null,
          null,
          1,
          2,
          null,
          null
        ]
      },
      "/Users/nicholasmcenroe/turing_work/3mod/projects/viewing_party/viewing_party_lite_7/app/models/user_viewing_party.rb": {
        "lines": [
          null,
          null,
          1,
          1,
          1,
          null,
          1,
          null
        ]
      },
      "/Users/nicholasmcenroe/turing_work/3mod/projects/viewing_party/viewing_party_lite_7/spec/models/viewing_party_spec.rb": {
        "lines": [
          null,
          null,
          1,
          1,
          2,
          null,
          null,
          1,
          2,
          2,
          null,
          null
        ]
      },
      "/Users/nicholasmcenroe/turing_work/3mod/projects/viewing_party/viewing_party_lite_7/app/models/viewing_party.rb": {
        "lines": [
          1,
          1,
          1,
          null,
          1,
          1,
          null
        ]
      },
      "/Users/nicholasmcenroe/turing_work/3mod/projects/viewing_party/viewing_party_lite_7/app/controllers/user_discover_controller.rb": {
        "lines": [
          1,
          1,
          null,
          null
        ]
      },
      "/Users/nicholasmcenroe/turing_work/3mod/projects/viewing_party/viewing_party_lite_7/app/controllers/application_controller.rb": {
        "lines": [
          null,
          null,
          1,
          1,
          null,
          1,
          2,
          null,
          null
        ]
      },
      "/Users/nicholasmcenroe/turing_work/3mod/projects/viewing_party/viewing_party_lite_7/app/controllers/users_controller.rb": {
        "lines": [
          1,
          1,
          5,
          null,
          null,
          1,
          4,
          4,
          null,
          null,
          1,
          4,
          null,
          null,
          1,
          3,
          null,
          3,
          null,
          1,
          null,
          null,
          null,
          2,
          2,
          null,
          null,
          null,
          1,
          null,
          1,
          3,
          null,
          null
        ]
      }
    },
    "timestamp": 1697118431
  }
}
